android/app/build/intermediates/manifest_merge_blame_file/debug/processDebugMainManifest/manifest-merger-blame-debug-report.txt
1<?xml version="1.0" encoding="utf-8"?>
2<manifest xmlns:android="http://schemas.android.com/apk/res/android"
3    package="com.vow.app"
4    android:versionCode="13"
5    android:versionName="1.3" >
6
7    <uses-sdk
8        android:minSdkVersion="24"
9        android:targetSdkVersion="36" />
10
11    <uses-permission android:name="android.permission.INTERNET" />
11-->src\main\AndroidManifest.xml:29:5-67
11-->src\main\AndroidManifest.xml:29:22-64
12    <uses-permission android:name="android.permission.POST_NOTIFICATIONS" />
12-->src\main\AndroidManifest.xml:30:5-77
12-->src\main\AndroidManifest.xml:30:22-74
13    <uses-permission android:name="android.permission.READ_CALENDAR" />
13-->src\main\AndroidManifest.xml:31:5-72
13-->src\main\AndroidManifest.xml:31:22-69
14    <uses-permission android:name="android.permission.WRITE_CALENDAR" />
14-->src\main\AndroidManifest.xml:32:5-73
14-->src\main\AndroidManifest.xml:32:22-70
15
16    <queries>
16-->[:capacitor-browser] AndroidManifest.xml:7:5-11:15
17        <intent>
17-->[:capacitor-browser] AndroidManifest.xml:8:9-10:18
18            <action android:name="android.support.customtabs.action.CustomTabsService" />
18-->[:capacitor-browser] AndroidManifest.xml:9:13-90
18-->[:capacitor-browser] AndroidManifest.xml:9:21-87
19        </intent>
20    </queries>
21
22    <uses-permission android:name="android.permission.VIBRATE" />
22-->[:capacitor-haptics] AndroidManifest.xml:7:5-66
22-->[:capacitor-haptics] AndroidManifest.xml:7:22-63
23    <uses-permission android:name="android.permission.RECEIVE_BOOT_COMPLETED" />
23-->[:capacitor-local-notifications] AndroidManifest.xml:7:5-81
23-->[:capacitor-local-notifications] AndroidManifest.xml:7:22-78
24    <uses-permission android:name="android.permission.WAKE_LOCK" />
24-->[:capacitor-local-notifications] AndroidManifest.xml:8:5-68
24-->[:capacitor-local-notifications] AndroidManifest.xml:8:22-65
25    <uses-permission android:name="android.permission.SCHEDULE_EXACT_ALARM" />
25-->[:capacitor-local-notifications] AndroidManifest.xml:10:5-79
25-->[:capacitor-local-notifications] AndroidManifest.xml:10:22-76
26
27    <permission
27-->[androidx.core:core:1.17.0] AndroidManifest.xml:22:5-24:47
28        android:name="com.vow.app.DYNAMIC_RECEIVER_NOT_EXPORTED_PERMISSION"
28-->[androidx.core:core:1.17.0] AndroidManifest.xml:23:9-81
29        android:protectionLevel="signature" />
29-->[androidx.core:core:1.17.0] AndroidManifest.xml:24:9-44
30
31    <uses-permission android:name="com.vow.app.DYNAMIC_RECEIVER_NOT_EXPORTED_PERMISSION" />
31-->[androidx.core:core:1.17.0] AndroidManifest.xml:26:5-97
31-->[androidx.core:core:1.17.0] AndroidManifest.xml:26:22-94
32
33    <application
33-->src\main\AndroidManifest.xml:3:5-28:19
34        android:allowBackup="true"
34-->src\main\AndroidManifest.xml:3:18-44
35        android:appComponentFactory="androidx.core.app.CoreComponentFactory"
35-->[androidx.core:core:1.17.0] AndroidManifest.xml:28:18-86
36        android:debuggable="true"
37        android:extractNativeLibs="false"
38        android:icon="@mipmap/ic_vow_launcher"
38-->src\main\AndroidManifest.xml:3:45-83
39        android:label="@string/app_name"
39-->src\main\AndroidManifest.xml:3:84-116
40        android:roundIcon="@mipmap/ic_vow_launcher_round"
40-->src\main\AndroidManifest.xml:3:117-166
41        android:supportsRtl="true"
41-->src\main\AndroidManifest.xml:3:167-193
42        android:theme="@style/AppTheme" >
42-->src\main\AndroidManifest.xml:3:194-225
43        <activity
43-->src\main\AndroidManifest.xml:4:9-6:20
44            android:name="com.vow.app.MainActivity"
44-->src\main\AndroidManifest.xml:4:155-183
45            android:configChanges="orientation|keyboardHidden|keyboard|screenSize|locale|smallestScreenSize|screenLayout|uiMode|navigation|density"
45-->src\main\AndroidManifest.xml:4:19-154
46            android:exported="true"
46-->src\main\AndroidManifest.xml:4:310-333
47            android:label="@string/title_activity_main"
47-->src\main\AndroidManifest.xml:4:184-227
48            android:launchMode="singleTask"
48-->src\main\AndroidManifest.xml:4:278-309
49            android:theme="@style/AppTheme.NoActionBarLaunch" >
49-->src\main\AndroidManifest.xml:4:228-277
50            <intent-filter>
50-->src\main\AndroidManifest.xml:5:13-253
51                <action android:name="android.intent.action.VIEW" />
51-->src\main\AndroidManifest.xml:5:28-80
51-->src\main\AndroidManifest.xml:5:36-77
52
53                <category android:name="android.intent.category.DEFAULT" />
53-->src\main\AndroidManifest.xml:5:80-139
53-->src\main\AndroidManifest.xml:5:90-136
54                <category android:name="android.intent.category.BROWSABLE" />
54-->src\main\AndroidManifest.xml:5:139-200
54-->src\main\AndroidManifest.xml:5:149-197
55
56                <data android:scheme="com.vow.app" />
56-->src\main\AndroidManifest.xml:5:200-237
56-->src\main\AndroidManifest.xml:5:206-234
57            </intent-filter>
58        </activity>
59
60        <activity-alias
60-->src\main\AndroidManifest.xml:26:9-431
61            android:name="com.vow.app.greentealIconAlias"
61-->src\main\AndroidManifest.xml:26:25-59
62            android:enabled="false"
62-->src\main\AndroidManifest.xml:26:60-83
63            android:exported="true"
63-->src\main\AndroidManifest.xml:26:84-107
64            android:icon="@mipmap/vow_icon_green_teal"
64-->src\main\AndroidManifest.xml:26:108-150
65            android:label="@string/app_name"
65-->src\main\AndroidManifest.xml:26:238-270
66            android:roundIcon="@mipmap/vow_icon_green_teal"
66-->src\main\AndroidManifest.xml:26:151-198
67            android:targetActivity="com.vow.app.MainActivity" >
67-->src\main\AndroidManifest.xml:26:199-237
68            <intent-filter>
68-->src\main\AndroidManifest.xml:7:277-420
69                <action android:name="android.intent.action.MAIN" />
69-->src\main\AndroidManifest.xml:7:292-344
69-->src\main\AndroidManifest.xml:7:300-341
70
71                <category android:name="android.intent.category.LAUNCHER" />
71-->src\main\AndroidManifest.xml:7:344-404
71-->src\main\AndroidManifest.xml:7:354-401
72            </intent-filter>
73        </activity-alias>
74        <activity-alias
74-->src\main\AndroidManifest.xml:25:9-434
75            android:name="com.vow.app.goldpurpleIconAlias"
75-->src\main\AndroidManifest.xml:25:25-60
76            android:enabled="false"
76-->src\main\AndroidManifest.xml:25:61-84
77            android:exported="true"
77-->src\main\AndroidManifest.xml:25:85-108
78            android:icon="@mipmap/vow_icon_gold_purple"
78-->src\main\AndroidManifest.xml:25:109-152
79            android:label="@string/app_name"
79-->src\main\AndroidManifest.xml:25:241-273
80            android:roundIcon="@mipmap/vow_icon_gold_purple"
80-->src\main\AndroidManifest.xml:25:153-201
81            android:targetActivity="com.vow.app.MainActivity" >
81-->src\main\AndroidManifest.xml:25:202-240
82            <intent-filter>
82-->src\main\AndroidManifest.xml:7:277-420
83                <action android:name="android.intent.action.MAIN" />
83-->src\main\AndroidManifest.xml:7:292-344
83-->src\main\AndroidManifest.xml:7:300-341
84
85                <category android:name="android.intent.category.LAUNCHER" />
85-->src\main\AndroidManifest.xml:7:344-404
85-->src\main\AndroidManifest.xml:7:354-401
86            </intent-filter>
87        </activity-alias>
88        <activity-alias
88-->src\main\AndroidManifest.xml:24:9-429
89            android:name="com.vow.app.whiteblackIconAlias"
89-->src\main\AndroidManifest.xml:24:25-60
90            android:enabled="true"
90-->src\main\AndroidManifest.xml:24:61-83
91            android:exported="true"
91-->src\main\AndroidManifest.xml:24:84-107
92            android:icon="@mipmap/ic_vow_launcher"
92-->src\main\AndroidManifest.xml:24:108-146
93            android:label="@string/app_name"
93-->src\main\AndroidManifest.xml:24:236-268
94            android:roundIcon="@mipmap/ic_vow_launcher_round"
94-->src\main\AndroidManifest.xml:24:147-196
95            android:targetActivity="com.vow.app.MainActivity" >
95-->src\main\AndroidManifest.xml:24:197-235
96            <intent-filter>
96-->src\main\AndroidManifest.xml:7:277-420
97                <action android:name="android.intent.action.MAIN" />
97-->src\main\AndroidManifest.xml:7:292-344
97-->src\main\AndroidManifest.xml:7:300-341
98
99                <category android:name="android.intent.category.LAUNCHER" />
99-->src\main\AndroidManifest.xml:7:344-404
99-->src\main\AndroidManifest.xml:7:354-401
100            </intent-filter>
101        </activity-alias>
102        <activity-alias
102-->src\main\AndroidManifest.xml:23:9-425
103            android:name="com.vow.app.blueredIconAlias"
103-->src\main\AndroidManifest.xml:23:25-57
104            android:enabled="false"
104-->src\main\AndroidManifest.xml:23:58-81
105            android:exported="true"
105-->src\main\AndroidManifest.xml:23:82-105
106            android:icon="@mipmap/vow_icon_blue_red"
106-->src\main\AndroidManifest.xml:23:106-146
107            android:label="@string/app_name"
107-->src\main\AndroidManifest.xml:23:232-264
108            android:roundIcon="@mipmap/vow_icon_blue_red"
108-->src\main\AndroidManifest.xml:23:147-192
109            android:targetActivity="com.vow.app.MainActivity" >
109-->src\main\AndroidManifest.xml:23:193-231
110            <intent-filter>
110-->src\main\AndroidManifest.xml:7:277-420
111                <action android:name="android.intent.action.MAIN" />
111-->src\main\AndroidManifest.xml:7:292-344
111-->src\main\AndroidManifest.xml:7:300-341
112
113                <category android:name="android.intent.category.LAUNCHER" />
113-->src\main\AndroidManifest.xml:7:344-404
113-->src\main\AndroidManifest.xml:7:354-401
114            </intent-filter>
115        </activity-alias>
116        <activity-alias
116-->src\main\AndroidManifest.xml:22:9-434
117            android:name="com.vow.app.tealorangeIconAlias"
117-->src\main\AndroidManifest.xml:22:25-60
118            android:enabled="false"
118-->src\main\AndroidManifest.xml:22:61-84
119            android:exported="true"
119-->src\main\AndroidManifest.xml:22:85-108
120            android:icon="@mipmap/vow_icon_teal_orange"
120-->src\main\AndroidManifest.xml:22:109-152
121            android:label="@string/app_name"
121-->src\main\AndroidManifest.xml:22:241-273
122            android:roundIcon="@mipmap/vow_icon_teal_orange"
122-->src\main\AndroidManifest.xml:22:153-201
123            android:targetActivity="com.vow.app.MainActivity" >
123-->src\main\AndroidManifest.xml:22:202-240
124            <intent-filter>
124-->src\main\AndroidManifest.xml:7:277-420
125                <action android:name="android.intent.action.MAIN" />
125-->src\main\AndroidManifest.xml:7:292-344
125-->src\main\AndroidManifest.xml:7:300-341
126
127                <category android:name="android.intent.category.LAUNCHER" />
127-->src\main\AndroidManifest.xml:7:344-404
127-->src\main\AndroidManifest.xml:7:354-401
128            </intent-filter>
129        </activity-alias>
130        <activity-alias
130-->src\main\AndroidManifest.xml:21:9-431
131            android:name="com.vow.app.blackblueIconAlias"
131-->src\main\AndroidManifest.xml:21:25-59
132            android:enabled="false"
132-->src\main\AndroidManifest.xml:21:60-83
133            android:exported="true"
133-->src\main\AndroidManifest.xml:21:84-107
134            android:icon="@mipmap/vow_icon_black_blue"
134-->src\main\AndroidManifest.xml:21:108-150
135            android:label="@string/app_name"
135-->src\main\AndroidManifest.xml:21:238-270
136            android:roundIcon="@mipmap/vow_icon_black_blue"
136-->src\main\AndroidManifest.xml:21:151-198
137            android:targetActivity="com.vow.app.MainActivity" >
137-->src\main\AndroidManifest.xml:21:199-237
138            <intent-filter>
138-->src\main\AndroidManifest.xml:7:277-420
139                <action android:name="android.intent.action.MAIN" />
139-->src\main\AndroidManifest.xml:7:292-344
139-->src\main\AndroidManifest.xml:7:300-341
140
141                <category android:name="android.intent.category.LAUNCHER" />
141-->src\main\AndroidManifest.xml:7:344-404
141-->src\main\AndroidManifest.xml:7:354-401
142            </intent-filter>
143        </activity-alias>
144        <activity-alias
144-->src\main\AndroidManifest.xml:20:9-428
145            android:name="com.vow.app.pinktealIconAlias"
145-->src\main\AndroidManifest.xml:20:25-58
146            android:enabled="false"
146-->src\main\AndroidManifest.xml:20:59-82
147            android:exported="true"
147-->src\main\AndroidManifest.xml:20:83-106
148            android:icon="@mipmap/vow_icon_pink_teal"
148-->src\main\AndroidManifest.xml:20:107-148
149            android:label="@string/app_name"
149-->src\main\AndroidManifest.xml:20:235-267
150            android:roundIcon="@mipmap/vow_icon_pink_teal"
150-->src\main\AndroidManifest.xml:20:149-195
151            android:targetActivity="com.vow.app.MainActivity" >
151-->src\main\AndroidManifest.xml:20:196-234
152            <intent-filter>
152-->src\main\AndroidManifest.xml:7:277-420
153                <action android:name="android.intent.action.MAIN" />
153-->src\main\AndroidManifest.xml:7:292-344
153-->src\main\AndroidManifest.xml:7:300-341
154
155                <category android:name="android.intent.category.LAUNCHER" />
155-->src\main\AndroidManifest.xml:7:344-404
155-->src\main\AndroidManifest.xml:7:354-401
156            </intent-filter>
157        </activity-alias>
158        <activity-alias
158-->src\main\AndroidManifest.xml:19:9-437
159            android:name="com.vow.app.orangewhiteIconAlias"
159-->src\main\AndroidManifest.xml:19:25-61
160            android:enabled="false"
160-->src\main\AndroidManifest.xml:19:62-85
161            android:exported="true"
161-->src\main\AndroidManifest.xml:19:86-109
162            android:icon="@mipmap/vow_icon_orange_white"
162-->src\main\AndroidManifest.xml:19:110-154
163            android:label="@string/app_name"
163-->src\main\AndroidManifest.xml:19:244-276
164            android:roundIcon="@mipmap/vow_icon_orange_white"
164-->src\main\AndroidManifest.xml:19:155-204
165            android:targetActivity="com.vow.app.MainActivity" >
165-->src\main\AndroidManifest.xml:19:205-243
166            <intent-filter>
166-->src\main\AndroidManifest.xml:7:277-420
167                <action android:name="android.intent.action.MAIN" />
167-->src\main\AndroidManifest.xml:7:292-344
167-->src\main\AndroidManifest.xml:7:300-341
168
169                <category android:name="android.intent.category.LAUNCHER" />
169-->src\main\AndroidManifest.xml:7:344-404
169-->src\main\AndroidManifest.xml:7:354-401
170            </intent-filter>
171        </activity-alias>
172        <activity-alias
172-->src\main\AndroidManifest.xml:18:9-434
173            android:name="com.vow.app.purplegoldIconAlias"
173-->src\main\AndroidManifest.xml:18:25-60
174            android:enabled="false"
174-->src\main\AndroidManifest.xml:18:61-84
175            android:exported="true"
175-->src\main\AndroidManifest.xml:18:85-108
176            android:icon="@mipmap/vow_icon_purple_gold"
176-->src\main\AndroidManifest.xml:18:109-152
177            android:label="@string/app_name"
177-->src\main\AndroidManifest.xml:18:241-273
178            android:roundIcon="@mipmap/vow_icon_purple_gold"
178-->src\main\AndroidManifest.xml:18:153-201
179            android:targetActivity="com.vow.app.MainActivity" >
179-->src\main\AndroidManifest.xml:18:202-240
180            <intent-filter>
180-->src\main\AndroidManifest.xml:7:277-420
181                <action android:name="android.intent.action.MAIN" />
181-->src\main\AndroidManifest.xml:7:292-344
181-->src\main\AndroidManifest.xml:7:300-341
182
183                <category android:name="android.intent.category.LAUNCHER" />
183-->src\main\AndroidManifest.xml:7:344-404
183-->src\main\AndroidManifest.xml:7:354-401
184            </intent-filter>
185        </activity-alias>
186        <activity-alias
186-->src\main\AndroidManifest.xml:17:9-428
187            android:name="com.vow.app.blackredIconAlias"
187-->src\main\AndroidManifest.xml:17:25-58
188            android:enabled="false"
188-->src\main\AndroidManifest.xml:17:59-82
189            android:exported="true"
189-->src\main\AndroidManifest.xml:17:83-106
190            android:icon="@mipmap/vow_icon_black_red"
190-->src\main\AndroidManifest.xml:17:107-148
191            android:label="@string/app_name"
191-->src\main\AndroidManifest.xml:17:235-267
192            android:roundIcon="@mipmap/vow_icon_black_red"
192-->src\main\AndroidManifest.xml:17:149-195
193            android:targetActivity="com.vow.app.MainActivity" >
193-->src\main\AndroidManifest.xml:17:196-234
194            <intent-filter>
194-->src\main\AndroidManifest.xml:7:277-420
195                <action android:name="android.intent.action.MAIN" />
195-->src\main\AndroidManifest.xml:7:292-344
195-->src\main\AndroidManifest.xml:7:300-341
196
197                <category android:name="android.intent.category.LAUNCHER" />
197-->src\main\AndroidManifest.xml:7:344-404
197-->src\main\AndroidManifest.xml:7:354-401
198            </intent-filter>
199        </activity-alias>
200        <activity-alias
200-->src\main\AndroidManifest.xml:16:9-437
201            android:name="com.vow.app.greenpurpleIconAlias"
201-->src\main\AndroidManifest.xml:16:25-61
202            android:enabled="false"
202-->src\main\AndroidManifest.xml:16:62-85
203            android:exported="true"
203-->src\main\AndroidManifest.xml:16:86-109
204            android:icon="@mipmap/vow_icon_green_purple"
204-->src\main\AndroidManifest.xml:16:110-154
205            android:label="@string/app_name"
205-->src\main\AndroidManifest.xml:16:244-276
206            android:roundIcon="@mipmap/vow_icon_green_purple"
206-->src\main\AndroidManifest.xml:16:155-204
207            android:targetActivity="com.vow.app.MainActivity" >
207-->src\main\AndroidManifest.xml:16:205-243
208            <intent-filter>
208-->src\main\AndroidManifest.xml:7:277-420
209                <action android:name="android.intent.action.MAIN" />
209-->src\main\AndroidManifest.xml:7:292-344
209-->src\main\AndroidManifest.xml:7:300-341
210
211                <category android:name="android.intent.category.LAUNCHER" />
211-->src\main\AndroidManifest.xml:7:344-404
211-->src\main\AndroidManifest.xml:7:354-401
212            </intent-filter>
213        </activity-alias>
214        <activity-alias
214-->src\main\AndroidManifest.xml:15:9-431
215            android:name="com.vow.app.bluewhiteIconAlias"
215-->src\main\AndroidManifest.xml:15:25-59
216            android:enabled="false"
216-->src\main\AndroidManifest.xml:15:60-83
217            android:exported="true"
217-->src\main\AndroidManifest.xml:15:84-107
218            android:icon="@mipmap/vow_icon_blue_white"
218-->src\main\AndroidManifest.xml:15:108-150
219            android:label="@string/app_name"
219-->src\main\AndroidManifest.xml:15:238-270
220            android:roundIcon="@mipmap/vow_icon_blue_white"
220-->src\main\AndroidManifest.xml:15:151-198
221            android:targetActivity="com.vow.app.MainActivity" >
221-->src\main\AndroidManifest.xml:15:199-237
222            <intent-filter>
222-->src\main\AndroidManifest.xml:7:277-420
223                <action android:name="android.intent.action.MAIN" />
223-->src\main\AndroidManifest.xml:7:292-344
223-->src\main\AndroidManifest.xml:7:300-341
224
225                <category android:name="android.intent.category.LAUNCHER" />
225-->src\main\AndroidManifest.xml:7:344-404
225-->src\main\AndroidManifest.xml:7:354-401
226            </intent-filter>
227        </activity-alias>
228        <activity-alias
228-->src\main\AndroidManifest.xml:14:9-434
229            android:name="com.vow.app.pinkorangeIconAlias"
229-->src\main\AndroidManifest.xml:14:25-60
230            android:enabled="false"
230-->src\main\AndroidManifest.xml:14:61-84
231            android:exported="true"
231-->src\main\AndroidManifest.xml:14:85-108
232            android:icon="@mipmap/vow_icon_pink_orange"
232-->src\main\AndroidManifest.xml:14:109-152
233            android:label="@string/app_name"
233-->src\main\AndroidManifest.xml:14:241-273
234            android:roundIcon="@mipmap/vow_icon_pink_orange"
234-->src\main\AndroidManifest.xml:14:153-201
235            android:targetActivity="com.vow.app.MainActivity" >
235-->src\main\AndroidManifest.xml:14:202-240
236            <intent-filter>
236-->src\main\AndroidManifest.xml:7:277-420
237                <action android:name="android.intent.action.MAIN" />
237-->src\main\AndroidManifest.xml:7:292-344
237-->src\main\AndroidManifest.xml:7:300-341
238
239                <category android:name="android.intent.category.LAUNCHER" />
239-->src\main\AndroidManifest.xml:7:344-404
239-->src\main\AndroidManifest.xml:7:354-401
240            </intent-filter>
241        </activity-alias>
242        <activity-alias
242-->src\main\AndroidManifest.xml:13:9-434
243            android:name="com.vow.app.whitegreenIconAlias"
243-->src\main\AndroidManifest.xml:13:25-60
244            android:enabled="false"
244-->src\main\AndroidManifest.xml:13:61-84
245            android:exported="true"
245-->src\main\AndroidManifest.xml:13:85-108
246            android:icon="@mipmap/vow_icon_white_green"
246-->src\main\AndroidManifest.xml:13:109-152
247            android:label="@string/app_name"
247-->src\main\AndroidManifest.xml:13:241-273
248            android:roundIcon="@mipmap/vow_icon_white_green"
248-->src\main\AndroidManifest.xml:13:153-201
249            android:targetActivity="com.vow.app.MainActivity" >
249-->src\main\AndroidManifest.xml:13:202-240
250            <intent-filter>
250-->src\main\AndroidManifest.xml:7:277-420
251                <action android:name="android.intent.action.MAIN" />
251-->src\main\AndroidManifest.xml:7:292-344
251-->src\main\AndroidManifest.xml:7:300-341
252
253                <category android:name="android.intent.category.LAUNCHER" />
253-->src\main\AndroidManifest.xml:7:344-404
253-->src\main\AndroidManifest.xml:7:354-401
254            </intent-filter>
255        </activity-alias>
256        <activity-alias
256-->src\main\AndroidManifest.xml:12:9-428
257            android:name="com.vow.app.goldblueIconAlias"
257-->src\main\AndroidManifest.xml:12:25-58
258            android:enabled="false"
258-->src\main\AndroidManifest.xml:12:59-82
259            android:exported="true"
259-->src\main\AndroidManifest.xml:12:83-106
260            android:icon="@mipmap/vow_icon_gold_blue"
260-->src\main\AndroidManifest.xml:12:107-148
261            android:label="@string/app_name"
261-->src\main\AndroidManifest.xml:12:235-267
262            android:roundIcon="@mipmap/vow_icon_gold_blue"
262-->src\main\AndroidManifest.xml:12:149-195
263            android:targetActivity="com.vow.app.MainActivity" >
263-->src\main\AndroidManifest.xml:12:196-234
264            <intent-filter>
264-->src\main\AndroidManifest.xml:7:277-420
265                <action android:name="android.intent.action.MAIN" />
265-->src\main\AndroidManifest.xml:7:292-344
265-->src\main\AndroidManifest.xml:7:300-341
266
267                <category android:name="android.intent.category.LAUNCHER" />
267-->src\main\AndroidManifest.xml:7:344-404
267-->src\main\AndroidManifest.xml:7:354-401
268            </intent-filter>
269        </activity-alias>
270        <activity-alias
270-->src\main\AndroidManifest.xml:11:9-425
271            android:name="com.vow.app.redblueIconAlias"
271-->src\main\AndroidManifest.xml:11:25-57
272            android:enabled="false"
272-->src\main\AndroidManifest.xml:11:58-81
273            android:exported="true"
273-->src\main\AndroidManifest.xml:11:82-105
274            android:icon="@mipmap/vow_icon_red_blue"
274-->src\main\AndroidManifest.xml:11:106-146
275            android:label="@string/app_name"
275-->src\main\AndroidManifest.xml:11:232-264
276            android:roundIcon="@mipmap/vow_icon_red_blue"
276-->src\main\AndroidManifest.xml:11:147-192
277            android:targetActivity="com.vow.app.MainActivity" >
277-->src\main\AndroidManifest.xml:11:193-231
278            <intent-filter>
278-->src\main\AndroidManifest.xml:7:277-420
279                <action android:name="android.intent.action.MAIN" />
279-->src\main\AndroidManifest.xml:7:292-344
279-->src\main\AndroidManifest.xml:7:300-341
280
281                <category android:name="android.intent.category.LAUNCHER" />
281-->src\main\AndroidManifest.xml:7:344-404
281-->src\main\AndroidManifest.xml:7:354-401
282            </intent-filter>
283        </activity-alias>
284        <activity-alias
284-->src\main\AndroidManifest.xml:10:9-431
285            android:name="com.vow.app.tealwhiteIconAlias"
285-->src\main\AndroidManifest.xml:10:25-59
286            android:enabled="false"
286-->src\main\AndroidManifest.xml:10:60-83
287            android:exported="true"
287-->src\main\AndroidManifest.xml:10:84-107
288            android:icon="@mipmap/vow_icon_teal_white"
288-->src\main\AndroidManifest.xml:10:108-150
289            android:label="@string/app_name"
289-->src\main\AndroidManifest.xml:10:238-270
290            android:roundIcon="@mipmap/vow_icon_teal_white"
290-->src\main\AndroidManifest.xml:10:151-198
291            android:targetActivity="com.vow.app.MainActivity" >
291-->src\main\AndroidManifest.xml:10:199-237
292            <intent-filter>
292-->src\main\AndroidManifest.xml:7:277-420
293                <action android:name="android.intent.action.MAIN" />
293-->src\main\AndroidManifest.xml:7:292-344
293-->src\main\AndroidManifest.xml:7:300-341
294
295                <category android:name="android.intent.category.LAUNCHER" />
295-->src\main\AndroidManifest.xml:7:344-404
295-->src\main\AndroidManifest.xml:7:354-401
296            </intent-filter>
297        </activity-alias>
298        <activity-alias
298-->src\main\AndroidManifest.xml:9:9-431
299            android:name="com.vow.app.blackpinkIconAlias"
299-->src\main\AndroidManifest.xml:9:25-59
300            android:enabled="false"
300-->src\main\AndroidManifest.xml:9:60-83
301            android:exported="true"
301-->src\main\AndroidManifest.xml:9:84-107
302            android:icon="@mipmap/vow_icon_black_pink"
302-->src\main\AndroidManifest.xml:9:108-150
303            android:label="@string/app_name"
303-->src\main\AndroidManifest.xml:9:238-270
304            android:roundIcon="@mipmap/vow_icon_black_pink"
304-->src\main\AndroidManifest.xml:9:151-198
305            android:targetActivity="com.vow.app.MainActivity" >
305-->src\main\AndroidManifest.xml:9:199-237
306            <intent-filter>
306-->src\main\AndroidManifest.xml:7:277-420
307                <action android:name="android.intent.action.MAIN" />
307-->src\main\AndroidManifest.xml:7:292-344
307-->src\main\AndroidManifest.xml:7:300-341
308
309                <category android:name="android.intent.category.LAUNCHER" />
309-->src\main\AndroidManifest.xml:7:344-404
309-->src\main\AndroidManifest.xml:7:354-401
310            </intent-filter>
311        </activity-alias>
312        <activity-alias
312-->src\main\AndroidManifest.xml:8:9-434
313            android:name="com.vow.app.orangeblueIconAlias"
313-->src\main\AndroidManifest.xml:8:25-60
314            android:enabled="false"
314-->src\main\AndroidManifest.xml:8:61-84
315            android:exported="true"
315-->src\main\AndroidManifest.xml:8:85-108
316            android:icon="@mipmap/vow_icon_orange_blue"
316-->src\main\AndroidManifest.xml:8:109-152
317            android:label="@string/app_name"
317-->src\main\AndroidManifest.xml:8:241-273
318            android:roundIcon="@mipmap/vow_icon_orange_blue"
318-->src\main\AndroidManifest.xml:8:153-201
319            android:targetActivity="com.vow.app.MainActivity" >
319-->src\main\AndroidManifest.xml:8:202-240
320            <intent-filter>
320-->src\main\AndroidManifest.xml:7:277-420
321                <action android:name="android.intent.action.MAIN" />
321-->src\main\AndroidManifest.xml:7:292-344
321-->src\main\AndroidManifest.xml:7:300-341
322
323                <category android:name="android.intent.category.LAUNCHER" />
323-->src\main\AndroidManifest.xml:7:344-404
323-->src\main\AndroidManifest.xml:7:354-401
324            </intent-filter>
325        </activity-alias>
326        <activity-alias
326-->src\main\AndroidManifest.xml:7:9-437
327            android:name="com.vow.app.purplegreenIconAlias"
327-->src\main\AndroidManifest.xml:7:25-61
328            android:enabled="false"
328-->src\main\AndroidManifest.xml:7:62-85
329            android:exported="true"
329-->src\main\AndroidManifest.xml:7:86-109
330            android:icon="@mipmap/vow_icon_purple_green"
330-->src\main\AndroidManifest.xml:7:110-154
331            android:label="@string/app_name"
331-->src\main\AndroidManifest.xml:7:244-276
332            android:roundIcon="@mipmap/vow_icon_purple_green"
332-->src\main\AndroidManifest.xml:7:155-204
333            android:targetActivity="com.vow.app.MainActivity" >
333-->src\main\AndroidManifest.xml:7:205-243
334            <intent-filter>
334-->src\main\AndroidManifest.xml:7:277-420
335                <action android:name="android.intent.action.MAIN" />
335-->src\main\AndroidManifest.xml:7:292-344
335-->src\main\AndroidManifest.xml:7:300-341
336
337                <category android:name="android.intent.category.LAUNCHER" />
337-->src\main\AndroidManifest.xml:7:344-404
337-->src\main\AndroidManifest.xml:7:354-401
338            </intent-filter>
339        </activity-alias>
340
341        <provider
342            android:name="androidx.core.content.FileProvider"
342-->src\main\AndroidManifest.xml:27:19-68
343            android:authorities="com.vow.app.fileprovider"
343-->src\main\AndroidManifest.xml:27:69-120
344            android:exported="false"
344-->src\main\AndroidManifest.xml:27:121-145